# JRE version: OpenJDK Runtime Environment AdoptOpenJDK-11.0.11+9 (11.0.11+9) (build 11.0.11+9)
# Java VM: OpenJDK 64-Bit Client VM AdoptOpenJDK-11.0.11+9 (11.0.11+9, mixed mode, g1 gc, windows-amd64)
Heap:
 garbage-first heap   total 475136K, used 422400K [0x000000000ea00000, 0x000000004ea00000)
  region size 1024K, 19 young (19456K), 3 survivors (3072K)
 Metaspace       used 94528K, capacity 100788K, committed 101548K, reserved 102400K
GC Heap History (20 events):
Event: 574.587 GC heap before
{Heap before GC invocations=131 (full 0):
 garbage-first heap   total 475136K, used 369542K [0x000000000ea00000, 0x000000004ea00000)
  region size 1024K, 7 young (7168K), 1 survivors (1024K)
 Metaspace       used 94796K, capacity 101131K, committed 101548K, reserved 102400K
}
Event: 574.596 GC heap after
{Heap after GC invocations=132 (full 0):
 garbage-first heap   total 475136K, used 365275K [0x000000000ea00000, 0x000000004ea00000)
  region size 1024K, 2 young (2048K), 2 survivors (2048K)
 Metaspace       used 94796K, capacity 101131K, committed 101548K, reserved 102400K
}
Event: 575.600 GC heap before
{Heap before GC invocations=132 (full 0):
 garbage-first heap   total 475136K, used 440027K [0x000000000ea00000, 0x000000004ea00000)
  region size 1024K, 34 young (34816K), 2 survivors (2048K)
 Metaspace       used 94437K, capacity 100695K, committed 101548K, reserved 102400K
}
Event: 575.615 GC heap after
{Heap after GC invocations=133 (full 0):
 garbage-first heap   total 475136K, used 365642K [0x000000000ea00000, 0x000000004ea00000)
  region size 1024K, 3 young (3072K), 3 survivors (3072K)
 Metaspace       used 94437K, capacity 100695K, committed 101548K, reserved 102400K
}
Event: 576.407 GC heap before
{Heap before GC invocations=134 (full 0):
 garbage-first heap   total 475136K, used 429130K [0x000000000ea00000, 0x000000004ea00000)
  region size 1024K, 37 young (37888K), 3 survivors (3072K)
 Metaspace       used 94437K, capacity 100695K, committed 101548K, reserved 102400K
}
Event: 576.418 GC heap after
{Heap after GC invocations=135 (full 0):
 garbage-first heap   total 475136K, used 367367K [0x000000000ea00000, 0x000000004ea00000)
  region size 1024K, 4 young (4096K), 4 survivors (4096K)
 Metaspace       used 94437K, capacity 100695K, committed 101548K, reserved 102400K
}
Event: 576.877 GC heap before
{Heap before GC invocations=135 (full 0):
 garbage-first heap   total 475136K, used 406279K [0x000000000ea00000, 0x000000004ea00000)
  region size 1024K, 23 young (23552K), 4 survivors (4096K)
 Metaspace       used 94437K, capacity 100695K, committed 101548K, reserved 102400K
}
Event: 576.891 GC heap after
{Heap after GC invocations=136 (full 0):
 garbage-first heap   total 475136K, used 368042K [0x000000000ea00000, 0x000000004ea00000)
  region size 1024K, 3 young (3072K), 3 survivors (3072K)
 Metaspace       used 94437K, capacity 100695K, committed 101548K, reserved 102400K
}
Event: 577.265 GC heap before
{Heap before GC invocations=136 (full 0):
 garbage-first heap   total 475136K, used 370090K [0x000000000ea00000, 0x000000004ea00000)
  region size 1024K, 7 young (7168K), 3 survivors (3072K)
 Metaspace       used 94437K, capacity 100695K, committed 101548K, reserved 102400K
}
Event: 577.273 GC heap after
{Heap after GC invocations=137 (full 0):
 garbage-first heap   total 475136K, used 357261K [0x000000000ea00000, 0x000000004ea00000)
  region size 1024K, 1 young (1024K), 1 survivors (1024K)
 Metaspace       used 94437K, capacity 100695K, committed 101548K, reserved 102400K
}
Event: 578.183 GC heap before
{Heap before GC invocations=137 (full 0):
 garbage-first heap   total 475136K, used 436109K [0x000000000ea00000, 0x000000004ea00000)
  region size 1024K, 46 young (47104K), 1 survivors (1024K)
 Metaspace       used 94437K, capacity 100695K, committed 101548K, reserved 102400K
}
Event: 578.199 GC heap after
{Heap after GC invocations=138 (full 0):
 garbage-first heap   total 475136K, used 371497K [0x000000000ea00000, 0x000000004ea00000)
  region size 1024K, 6 young (6144K), 6 survivors (6144K)
 Metaspace       used 94437K, capacity 100695K, committed 101548K, reserved 102400K
}
Event: 578.523 GC heap before
{Heap before GC invocations=139 (full 0):
 garbage-first heap   total 475136K, used 391977K [0x000000000ea00000, 0x000000004ea00000)
  region size 1024K, 25 young (25600K), 6 survivors (6144K)
 Metaspace       used 94583K, capacity 100915K, committed 101548K, reserved 102400K
}
Event: 578.539 GC heap after
{Heap after GC invocations=140 (full 0):
 garbage-first heap   total 475136K, used 365750K [0x000000000ea00000, 0x000000004ea00000)
  region size 1024K, 5 young (5120K), 5 survivors (5120K)
 Metaspace       used 94583K, capacity 100915K, committed 101548K, reserved 102400K
}
Event: 578.783 GC heap before
{Heap before GC invocations=140 (full 0):
 garbage-first heap   total 475136K, used 405686K [0x000000000ea00000, 0x000000004ea00000)
  region size 1024K, 40 young (40960K), 5 survivors (5120K)
 Metaspace       used 94585K, capacity 100915K, committed 101548K, reserved 102400K
}
Event: 578.813 GC heap after
{Heap after GC invocations=141 (full 0):
 garbage-first heap   total 475136K, used 392517K [0x000000000ea00000, 0x000000004ea00000)
  region size 1024K, 5 young (5120K), 5 survivors (5120K)
 Metaspace       used 94585K, capacity 100915K, committed 101548K, reserved 102400K
}
Event: 578.990 GC heap before
{Heap before GC invocations=141 (full 0):
 garbage-first heap   total 475136K, used 411973K [0x000000000ea00000, 0x000000004ea00000)
  region size 1024K, 23 young (23552K), 5 survivors (5120K)
 Metaspace       used 94619K, capacity 100915K, committed 101548K, reserved 102400K
}
Event: 579.008 GC heap after
{Heap after GC invocations=142 (full 0):
 garbage-first heap   total 475136K, used 402432K [0x000000000ea00000, 0x000000004ea00000)
  region size 1024K, 3 young (3072K), 3 survivors (3072K)
 Metaspace       used 94619K, capacity 100915K, committed 101548K, reserved 102400K
}
Event: 717.832 GC heap before
{Heap before GC invocations=143 (full 0):
 garbage-first heap   total 475136K, used 421888K [0x000000000ea00000, 0x000000004ea00000)
  region size 1024K, 23 young (23552K), 3 survivors (3072K)
 Metaspace       used 94515K, capacity 100788K, committed 101548K, reserved 102400K
}
Event: 717.847 GC heap after
{Heap after GC invocations=144 (full 0):
 garbage-first heap   total 475136K, used 407040K [0x000000000ea00000, 0x000000004ea00000)
  region size 1024K, 3 young (3072K), 3 survivors (3072K)
 Metaspace       used 94515K, capacity 100788K, committed 101548K, reserved 102400K
}

